<?xml version="1.0" encoding="UTF-8"?>
<testng-results ignored="0" total="1" passed="1" failed="0" skipped="0">
  <reporter-output>
  </reporter-output>
  <suite started-at="2023-10-13T09:04:19 IST" name="Default suite" finished-at="2023-10-13T09:04:50 IST" duration-ms="31132">
    <groups>
    </groups>
    <test started-at="2023-10-13T09:04:19 IST" name="Default test" finished-at="2023-10-13T09:04:50 IST" duration-ms="31132">
      <class name="com.testcases.Add_Product_Inventory_test">
        <test-method is-config="true" signature="setup()[pri:0, instance:com.testcases.Add_Product_Inventory_test@6d4d66d2]" started-at="2023-10-13T09:04:20 IST" name="setup" finished-at="2023-10-13T09:04:26 IST" duration-ms="6052" status="PASS">
          <reporter-output>
          </reporter-output>
        </test-method> <!-- setup -->
        <test-method signature="addproductvalidation(java.lang.String,java.lang.String,java.lang.String,java.lang.String,java.lang.String,java.lang.String,java.lang.String,java.lang.String,java.lang.String,java.lang.String)[pri:0, instance:com.testcases.Add_Product_Inventory_test@6d4d66d2]" started-at="2023-10-13T09:04:26 IST" name="addproductvalidation" data-provider="dataload" finished-at="2023-10-13T09:04:50 IST" duration-ms="23859" status="PASS">
          <params>
            <param index="0">
              <value>
                <![CDATA[1234]]>
              </value>
            </param>
            <param index="1">
              <value>
                <![CDATA[Chair]]>
              </value>
            </param>
            <param index="2">
              <value>
                <![CDATA[Plastic chair]]>
              </value>
            </param>
            <param index="3">
              <value>
                <![CDATA[6]]>
              </value>
            </param>
            <param index="4">
              <value>
                <![CDATA[4]]>
              </value>
            </param>
            <param index="5">
              <value>
                <![CDATA[5]]>
              </value>
            </param>
            <param index="6">
              <value>
                <![CDATA[red]]>
              </value>
            </param>
            <param index="7">
              <value>
                <![CDATA[200]]>
              </value>
            </param>
            <param index="8">
              <value>
                <![CDATA[3]]>
              </value>
            </param>
            <param index="9">
              <value>
                <![CDATA[1]]>
              </value>
            </param>
          </params>
          <reporter-output>
          </reporter-output>
        </test-method> <!-- addproductvalidation -->
        <test-method is-config="true" signature="teardown()[pri:0, instance:com.testcases.Add_Product_Inventory_test@6d4d66d2]" started-at="2023-10-13T09:04:50 IST" name="teardown" finished-at="2023-10-13T09:04:50 IST" duration-ms="0" status="PASS">
          <reporter-output>
          </reporter-output>
        </test-method> <!-- teardown -->
      </class> <!-- com.testcases.Add_Product_Inventory_test -->
    </test> <!-- Default test -->
  </suite> <!-- Default suite -->
</testng-results>
